# JRE version: OpenJDK Runtime Environment Temurin-17.0.14+7 (17.0.14+7) (build 17.0.14+7)
# Java VM: OpenJDK 64-Bit Server VM Temurin-17.0.14+7 (17.0.14+7, mixed mode, sharing, tiered, compressed oops, compressed class ptrs, g1 gc, windows-amd64)
GC Precious Log:
 CPUs: 2 total, 2 available
 Memory: 3914M
 Large Page Support: Disabled
 NUMA Support: Disabled
 Compressed Oops: Enabled (32-bit)
 Heap Region Size: 1M
 Heap Min Capacity: 8M
 Heap Initial Capacity: 62M
 Heap Max Capacity: 980M
 Pre-touch: Disabled
 Parallel Workers: 2
 Concurrent Workers: 1
 Concurrent Refinement Workers: 2
 Periodic GC: Disabled
Heap:
 garbage-first heap   total 92160K, used 68424K [0x00000000c2c00000, 0x0000000100000000)
  region size 1024K, 34 young (34816K), 2 survivors (2048K)
 Metaspace       used 6447K, committed 6720K, reserved 1114112K
  class space    used 643K, committed 768K, reserved 1048576K
GC Heap History (20 events):
Event: 3.864 GC heap before
{Heap before GC invocations=5 (full 0):
 garbage-first heap   total 63488K, used 43172K [0x00000000c2c00000, 0x0000000100000000)
  region size 1024K, 28 young (28672K), 4 survivors (4096K)
 Metaspace       used 4910K, committed 5120K, reserved 1114112K
  class space    used 474K, committed 576K, reserved 1048576K
}
Event: 3.872 GC heap after
{Heap after GC invocations=6 (full 0):
 garbage-first heap   total 63488K, used 21301K [0x00000000c2c00000, 0x0000000100000000)
  region size 1024K, 2 young (2048K), 2 survivors (2048K)
 Metaspace       used 4910K, committed 5120K, reserved 1114112K
  class space    used 474K, committed 576K, reserved 1048576K
}
Event: 4.004 GC heap before
{Heap before GC invocations=6 (full 0):
 garbage-first heap   total 63488K, used 44853K [0x00000000c2c00000, 0x0000000100000000)
  region size 1024K, 25 young (25600K), 2 survivors (2048K)
 Metaspace       used 4910K, committed 5120K, reserved 1114112K
  class space    used 474K, committed 576K, reserved 1048576K
}
Event: 4.009 GC heap after
{Heap after GC invocations=7 (full 0):
 garbage-first heap   total 76800K, used 23187K [0x00000000c2c00000, 0x0000000100000000)
  region size 1024K, 4 young (4096K), 4 survivors (4096K)
 Metaspace       used 4910K, committed 5120K, reserved 1114112K
  class space    used 474K, committed 576K, reserved 1048576K
}
Event: 4.201 GC heap before
{Heap before GC invocations=7 (full 0):
 garbage-first heap   total 76800K, used 50835K [0x00000000c2c00000, 0x0000000100000000)
  region size 1024K, 31 young (31744K), 4 survivors (4096K)
 Metaspace       used 4912K, committed 5120K, reserved 1114112K
  class space    used 474K, committed 576K, reserved 1048576K
}
Event: 4.206 GC heap after
{Heap after GC invocations=8 (full 0):
 garbage-first heap   total 76800K, used 23469K [0x00000000c2c00000, 0x0000000100000000)
  region size 1024K, 3 young (3072K), 3 survivors (3072K)
 Metaspace       used 4912K, committed 5120K, reserved 1114112K
  class space    used 474K, committed 576K, reserved 1048576K
}
Event: 4.779 GC heap before
{Heap before GC invocations=8 (full 0):
 garbage-first heap   total 76800K, used 53165K [0x00000000c2c00000, 0x0000000100000000)
  region size 1024K, 32 young (32768K), 3 survivors (3072K)
 Metaspace       used 5003K, committed 5184K, reserved 1114112K
  class space    used 474K, committed 576K, reserved 1048576K
}
Event: 4.784 GC heap after
{Heap after GC invocations=9 (full 0):
 garbage-first heap   total 76800K, used 24865K [0x00000000c2c00000, 0x0000000100000000)
  region size 1024K, 4 young (4096K), 4 survivors (4096K)
 Metaspace       used 5003K, committed 5184K, reserved 1114112K
  class space    used 474K, committed 576K, reserved 1048576K
}
Event: 5.152 GC heap before
{Heap before GC invocations=9 (full 0):
 garbage-first heap   total 76800K, used 57633K [0x00000000c2c00000, 0x0000000100000000)
  region size 1024K, 36 young (36864K), 4 survivors (4096K)
 Metaspace       used 5071K, committed 5312K, reserved 1114112K
  class space    used 483K, committed 640K, reserved 1048576K
}
Event: 5.159 GC heap after
{Heap after GC invocations=10 (full 0):
 garbage-first heap   total 76800K, used 26629K [0x00000000c2c00000, 0x0000000100000000)
  region size 1024K, 4 young (4096K), 4 survivors (4096K)
 Metaspace       used 5071K, committed 5312K, reserved 1114112K
  class space    used 483K, committed 640K, reserved 1048576K
}
Event: 5.430 GC heap before
{Heap before GC invocations=10 (full 0):
 garbage-first heap   total 76800K, used 57349K [0x00000000c2c00000, 0x0000000100000000)
  region size 1024K, 34 young (34816K), 4 survivors (4096K)
 Metaspace       used 5116K, committed 5376K, reserved 1114112K
  class space    used 484K, committed 640K, reserved 1048576K
}
Event: 5.438 GC heap after
{Heap after GC invocations=11 (full 0):
 garbage-first heap   total 76800K, used 29937K [0x00000000c2c00000, 0x0000000100000000)
  region size 1024K, 5 young (5120K), 5 survivors (5120K)
 Metaspace       used 5116K, committed 5376K, reserved 1114112K
  class space    used 484K, committed 640K, reserved 1048576K
}
Event: 5.688 GC heap before
{Heap before GC invocations=11 (full 0):
 garbage-first heap   total 76800K, used 57585K [0x00000000c2c00000, 0x0000000100000000)
  region size 1024K, 32 young (32768K), 5 survivors (5120K)
 Metaspace       used 5123K, committed 5376K, reserved 1114112K
  class space    used 484K, committed 640K, reserved 1048576K
}
Event: 5.695 GC heap after
{Heap after GC invocations=12 (full 0):
 garbage-first heap   total 92160K, used 30602K [0x00000000c2c00000, 0x0000000100000000)
  region size 1024K, 2 young (2048K), 2 survivors (2048K)
 Metaspace       used 5123K, committed 5376K, reserved 1114112K
  class space    used 484K, committed 640K, reserved 1048576K
}
Event: 5.885 GC heap before
{Heap before GC invocations=12 (full 0):
 garbage-first heap   total 92160K, used 73610K [0x00000000c2c00000, 0x0000000100000000)
  region size 1024K, 42 young (43008K), 2 survivors (2048K)
 Metaspace       used 5127K, committed 5376K, reserved 1114112K
  class space    used 484K, committed 640K, reserved 1048576K
}
Event: 5.891 GC heap after
{Heap after GC invocations=13 (full 0):
 garbage-first heap   total 92160K, used 35364K [0x00000000c2c00000, 0x0000000100000000)
  region size 1024K, 4 young (4096K), 4 survivors (4096K)
 Metaspace       used 5127K, committed 5376K, reserved 1114112K
  class space    used 484K, committed 640K, reserved 1048576K
}
Event: 6.025 GC heap before
{Heap before GC invocations=13 (full 0):
 garbage-first heap   total 92160K, used 72228K [0x00000000c2c00000, 0x0000000100000000)
  region size 1024K, 40 young (40960K), 4 survivors (4096K)
 Metaspace       used 5127K, committed 5376K, reserved 1114112K
  class space    used 484K, committed 640K, reserved 1048576K
}
Event: 6.029 GC heap after
{Heap after GC invocations=14 (full 0):
 garbage-first heap   total 92160K, used 35389K [0x00000000c2c00000, 0x0000000100000000)
  region size 1024K, 1 young (1024K), 1 survivors (1024K)
 Metaspace       used 5127K, committed 5376K, reserved 1114112K
  class space    used 484K, committed 640K, reserved 1048576K
}
Event: 6.354 GC heap before
{Heap before GC invocations=14 (full 0):
 garbage-first heap   total 92160K, used 72253K [0x00000000c2c00000, 0x0000000100000000)
  region size 1024K, 37 young (37888K), 1 survivors (1024K)
 Metaspace       used 5153K, committed 5376K, reserved 1114112K
  class space    used 484K, committed 640K, reserved 1048576K
}
Event: 6.357 GC heap after
{Heap after GC invocations=15 (full 0):
 garbage-first heap   total 92160K, used 36680K [0x00000000c2c00000, 0x0000000100000000)
  region size 1024K, 2 young (2048K), 2 survivors (2048K)
 Metaspace       used 5153K, committed 5376K, reserved 1114112K
  class space    used 484K, committed 640K, reserved 1048576K
}

