# JRE version: OpenJDK Runtime Environment Temurin-17.0.14+7 (17.0.14+7) (build 17.0.14+7)
# Java VM: OpenJDK 64-Bit Server VM Temurin-17.0.14+7 (17.0.14+7, mixed mode, sharing, tiered, compressed oops, compressed class ptrs, g1 gc, windows-amd64)
GC Precious Log:
 CPUs: 2 total, 2 available
 Memory: 3914M
 Large Page Support: Disabled
 NUMA Support: Disabled
 Compressed Oops: Enabled (32-bit)
 Heap Region Size: 1M
 Heap Min Capacity: 8M
 Heap Initial Capacity: 62M
 Heap Max Capacity: 980M
 Pre-touch: Disabled
 Parallel Workers: 2
 Concurrent Workers: 1
 Concurrent Refinement Workers: 2
 Periodic GC: Disabled
Heap:
 garbage-first heap   total 480256K, used 352256K [0x00000000c2c00000, 0x0000000100000000)
  region size 1024K, 31 young (31744K), 9 survivors (9216K)
 Metaspace       used 100537K, committed 102208K, reserved 1179648K
  class space    used 14614K, committed 15360K, reserved 1048576K
GC Heap History (20 events):
Event: 68.694 GC heap before
{Heap before GC invocations=77 (full 0):
 garbage-first heap   total 480256K, used 426328K [0x00000000c2c00000, 0x0000000100000000)
  region size 1024K, 179 young (183296K), 1 survivors (1024K)
 Metaspace       used 95442K, committed 97152K, reserved 1179648K
  class space    used 13952K, committed 14720K, reserved 1048576K
}
Event: 68.744 GC heap after
{Heap after GC invocations=78 (full 0):
 garbage-first heap   total 480256K, used 247093K [0x00000000c2c00000, 0x0000000100000000)
  region size 1024K, 19 young (19456K), 19 survivors (19456K)
 Metaspace       used 95442K, committed 97152K, reserved 1179648K
  class space    used 13952K, committed 14720K, reserved 1048576K
}
Event: 69.350 GC heap before
{Heap before GC invocations=78 (full 0):
 garbage-first heap   total 480256K, used 398645K [0x00000000c2c00000, 0x0000000100000000)
  region size 1024K, 167 young (171008K), 19 survivors (19456K)
 Metaspace       used 95499K, committed 97152K, reserved 1179648K
  class space    used 13954K, committed 14720K, reserved 1048576K
}
Event: 69.389 GC heap after
{Heap after GC invocations=79 (full 0):
 garbage-first heap   total 480256K, used 250351K [0x00000000c2c00000, 0x0000000100000000)
  region size 1024K, 4 young (4096K), 4 survivors (4096K)
 Metaspace       used 95499K, committed 97152K, reserved 1179648K
  class space    used 13954K, committed 14720K, reserved 1048576K
}
Event: 70.400 GC heap before
{Heap before GC invocations=79 (full 0):
 garbage-first heap   total 480256K, used 403951K [0x00000000c2c00000, 0x0000000100000000)
  region size 1024K, 154 young (157696K), 4 survivors (4096K)
 Metaspace       used 96043K, committed 97728K, reserved 1179648K
  class space    used 14024K, committed 14784K, reserved 1048576K
}
Event: 70.425 GC heap after
{Heap after GC invocations=80 (full 0):
 garbage-first heap   total 480256K, used 258031K [0x00000000c2c00000, 0x0000000100000000)
  region size 1024K, 12 young (12288K), 12 survivors (12288K)
 Metaspace       used 96043K, committed 97728K, reserved 1179648K
  class space    used 14024K, committed 14784K, reserved 1048576K
}
Event: 71.219 GC heap before
{Heap before GC invocations=80 (full 0):
 garbage-first heap   total 480256K, used 404463K [0x00000000c2c00000, 0x0000000100000000)
  region size 1024K, 155 young (158720K), 12 survivors (12288K)
 Metaspace       used 96057K, committed 97728K, reserved 1179648K
  class space    used 14024K, committed 14784K, reserved 1048576K
}
Event: 71.258 GC heap after
{Heap after GC invocations=81 (full 0):
 garbage-first heap   total 480256K, used 265728K [0x00000000c2c00000, 0x0000000100000000)
  region size 1024K, 16 young (16384K), 16 survivors (16384K)
 Metaspace       used 96057K, committed 97728K, reserved 1179648K
  class space    used 14024K, committed 14784K, reserved 1048576K
}
Event: 72.618 GC heap before
{Heap before GC invocations=81 (full 0):
 garbage-first heap   total 480256K, used 406016K [0x00000000c2c00000, 0x0000000100000000)
  region size 1024K, 153 young (156672K), 16 survivors (16384K)
 Metaspace       used 96341K, committed 97984K, reserved 1179648K
  class space    used 14056K, committed 14784K, reserved 1048576K
}
Event: 72.701 GC heap after
{Heap after GC invocations=82 (full 0):
 garbage-first heap   total 480256K, used 268249K [0x00000000c2c00000, 0x0000000100000000)
  region size 1024K, 10 young (10240K), 10 survivors (10240K)
 Metaspace       used 96341K, committed 97984K, reserved 1179648K
  class space    used 14056K, committed 14784K, reserved 1048576K
}
Event: 74.170 GC heap before
{Heap before GC invocations=82 (full 0):
 garbage-first heap   total 480256K, used 409561K [0x00000000c2c00000, 0x0000000100000000)
  region size 1024K, 148 young (151552K), 10 survivors (10240K)
 Metaspace       used 96870K, committed 98496K, reserved 1179648K
  class space    used 14106K, committed 14848K, reserved 1048576K
}
Event: 74.256 GC heap after
{Heap after GC invocations=83 (full 0):
 garbage-first heap   total 480256K, used 279040K [0x00000000c2c00000, 0x0000000100000000)
  region size 1024K, 19 young (19456K), 19 survivors (19456K)
 Metaspace       used 96870K, committed 98496K, reserved 1179648K
  class space    used 14106K, committed 14848K, reserved 1048576K
}
Event: 75.024 GC heap before
{Heap before GC invocations=83 (full 0):
 garbage-first heap   total 480256K, used 406016K [0x00000000c2c00000, 0x0000000100000000)
  region size 1024K, 143 young (146432K), 19 survivors (19456K)
 Metaspace       used 96895K, committed 98496K, reserved 1179648K
  class space    used 14109K, committed 14848K, reserved 1048576K
}
Event: 75.145 GC heap after
{Heap after GC invocations=84 (full 0):
 garbage-first heap   total 480256K, used 311046K [0x00000000c2c00000, 0x0000000100000000)
  region size 1024K, 18 young (18432K), 18 survivors (18432K)
 Metaspace       used 96895K, committed 98496K, reserved 1179648K
  class space    used 14109K, committed 14848K, reserved 1048576K
}
Event: 77.222 GC heap before
{Heap before GC invocations=84 (full 0):
 garbage-first heap   total 480256K, used 397062K [0x00000000c2c00000, 0x0000000100000000)
  region size 1024K, 101 young (103424K), 18 survivors (18432K)
 Metaspace       used 100077K, committed 101760K, reserved 1179648K
  class space    used 14563K, committed 15296K, reserved 1048576K
}
Event: 77.289 GC heap after
{Heap after GC invocations=85 (full 0):
 garbage-first heap   total 480256K, used 322048K [0x00000000c2c00000, 0x0000000100000000)
  region size 1024K, 10 young (10240K), 10 survivors (10240K)
 Metaspace       used 100077K, committed 101760K, reserved 1179648K
  class space    used 14563K, committed 15296K, reserved 1048576K
}
Event: 78.789 GC heap before
{Heap before GC invocations=85 (full 0):
 garbage-first heap   total 480256K, used 398848K [0x00000000c2c00000, 0x0000000100000000)
  region size 1024K, 86 young (88064K), 10 survivors (10240K)
 Metaspace       used 100489K, committed 102144K, reserved 1179648K
  class space    used 14608K, committed 15360K, reserved 1048576K
}
Event: 78.876 GC heap after
{Heap after GC invocations=86 (full 0):
 garbage-first heap   total 480256K, used 326144K [0x00000000c2c00000, 0x0000000100000000)
  region size 1024K, 4 young (4096K), 4 survivors (4096K)
 Metaspace       used 100489K, committed 102144K, reserved 1179648K
  class space    used 14608K, committed 15360K, reserved 1048576K
}
Event: 79.678 GC heap before
{Heap before GC invocations=86 (full 0):
 garbage-first heap   total 480256K, used 404992K [0x00000000c2c00000, 0x0000000100000000)
  region size 1024K, 81 young (82944K), 4 survivors (4096K)
 Metaspace       used 100508K, committed 102208K, reserved 1179648K
  class space    used 14611K, committed 15360K, reserved 1048576K
}
Event: 79.766 GC heap after
{Heap after GC invocations=87 (full 0):
 garbage-first heap   total 480256K, used 330752K [0x00000000c2c00000, 0x0000000100000000)
  region size 1024K, 9 young (9216K), 9 survivors (9216K)
 Metaspace       used 100508K, committed 102208K, reserved 1179648K
  class space    used 14611K, committed 15360K, reserved 1048576K
}

