# JRE version: OpenJDK Runtime Environment Temurin-17.0.14+7 (17.0.14+7) (build 17.0.14+7)
# Java VM: OpenJDK 64-Bit Server VM Temurin-17.0.14+7 (17.0.14+7, mixed mode, sharing, tiered, compressed oops, compressed class ptrs, g1 gc, windows-amd64)
GC Precious Log:
 CPUs: 2 total, 2 available
 Memory: 3914M
 Large Page Support: Disabled
 NUMA Support: Disabled
 Compressed Oops: Enabled (32-bit)
 Heap Region Size: 1M
 Heap Min Capacity: 8M
 Heap Initial Capacity: 62M
 Heap Max Capacity: 980M
 Pre-touch: Disabled
 Parallel Workers: 2
 Concurrent Workers: 1
 Concurrent Refinement Workers: 2
 Periodic GC: Disabled
Heap:
 garbage-first heap   total 256000K, used 196229K [0x00000000c2c00000, 0x0000000100000000)
  region size 1024K, 53 young (54272K), 9 survivors (9216K)
 Metaspace       used 50900K, committed 52224K, reserved 1114112K
  class space    used 6423K, committed 6976K, reserved 1048576K
GC Heap History (20 events):
Event: 36.034 GC heap before
{Heap before GC invocations=40 (full 0):
 garbage-first heap   total 256000K, used 210612K [0x00000000c2c00000, 0x0000000100000000)
  region size 1024K, 107 young (109568K), 8 survivors (8192K)
 Metaspace       used 36096K, committed 37312K, reserved 1114112K
  class space    used 4273K, committed 4800K, reserved 1048576K
}
Event: 36.064 GC heap after
{Heap after GC invocations=41 (full 0):
 garbage-first heap   total 256000K, used 115200K [0x00000000c2c00000, 0x0000000100000000)
  region size 1024K, 7 young (7168K), 7 survivors (7168K)
 Metaspace       used 36096K, committed 37312K, reserved 1114112K
  class space    used 4273K, committed 4800K, reserved 1048576K
}
Event: 36.215 GC heap before
{Heap before GC invocations=41 (full 0):
 garbage-first heap   total 256000K, used 120320K [0x00000000c2c00000, 0x0000000100000000)
  region size 1024K, 12 young (12288K), 7 survivors (7168K)
 Metaspace       used 36104K, committed 37312K, reserved 1114112K
  class space    used 4273K, committed 4800K, reserved 1048576K
}
Event: 36.239 GC heap after
{Heap after GC invocations=42 (full 0):
 garbage-first heap   total 256000K, used 114176K [0x00000000c2c00000, 0x0000000100000000)
  region size 1024K, 1 young (1024K), 1 survivors (1024K)
 Metaspace       used 36104K, committed 37312K, reserved 1114112K
  class space    used 4273K, committed 4800K, reserved 1048576K
}
Event: 37.637 GC heap before
{Heap before GC invocations=42 (full 0):
 garbage-first heap   total 256000K, used 213504K [0x00000000c2c00000, 0x0000000100000000)
  region size 1024K, 98 young (100352K), 1 survivors (1024K)
 Metaspace       used 36944K, committed 38144K, reserved 1114112K
  class space    used 4371K, committed 4928K, reserved 1048576K
}
Event: 37.654 GC heap after
{Heap after GC invocations=43 (full 0):
 garbage-first heap   total 256000K, used 117248K [0x00000000c2c00000, 0x0000000100000000)
  region size 1024K, 4 young (4096K), 4 survivors (4096K)
 Metaspace       used 36944K, committed 38144K, reserved 1114112K
  class space    used 4371K, committed 4928K, reserved 1048576K
}
Event: 43.832 GC heap before
{Heap before GC invocations=44 (full 0):
 garbage-first heap   total 256000K, used 225792K [0x00000000c2c00000, 0x0000000100000000)
  region size 1024K, 99 young (101376K), 4 survivors (4096K)
 Metaspace       used 41623K, committed 42880K, reserved 1114112K
  class space    used 4933K, committed 5504K, reserved 1048576K
}
Event: 43.868 GC heap after
{Heap after GC invocations=45 (full 0):
 garbage-first heap   total 256000K, used 131584K [0x00000000c2c00000, 0x0000000100000000)
  region size 1024K, 7 young (7168K), 7 survivors (7168K)
 Metaspace       used 41623K, committed 42880K, reserved 1114112K
  class space    used 4933K, committed 5504K, reserved 1048576K
}
Event: 44.042 GC heap before
{Heap before GC invocations=45 (full 0):
 garbage-first heap   total 256000K, used 135680K [0x00000000c2c00000, 0x0000000100000000)
  region size 1024K, 12 young (12288K), 7 survivors (7168K)
 Metaspace       used 41923K, committed 43136K, reserved 1114112K
  class space    used 4955K, committed 5504K, reserved 1048576K
}
Event: 44.058 GC heap after
{Heap after GC invocations=46 (full 0):
 garbage-first heap   total 256000K, used 130392K [0x00000000c2c00000, 0x0000000100000000)
  region size 1024K, 1 young (1024K), 1 survivors (1024K)
 Metaspace       used 41923K, committed 43136K, reserved 1114112K
  class space    used 4955K, committed 5504K, reserved 1048576K
}
Event: 45.634 GC heap before
{Heap before GC invocations=46 (full 0):
 garbage-first heap   total 256000K, used 216408K [0x00000000c2c00000, 0x0000000100000000)
  region size 1024K, 85 young (87040K), 1 survivors (1024K)
 Metaspace       used 44950K, committed 46208K, reserved 1114112K
  class space    used 5253K, committed 5824K, reserved 1048576K
}
Event: 45.647 GC heap after
{Heap after GC invocations=47 (full 0):
 garbage-first heap   total 256000K, used 134285K [0x00000000c2c00000, 0x0000000100000000)
  region size 1024K, 5 young (5120K), 5 survivors (5120K)
 Metaspace       used 44950K, committed 46208K, reserved 1114112K
  class space    used 5253K, committed 5824K, reserved 1048576K
}
Event: 47.166 GC heap before
{Heap before GC invocations=48 (full 0):
 garbage-first heap   total 256000K, used 216205K [0x00000000c2c00000, 0x0000000100000000)
  region size 1024K, 85 young (87040K), 5 survivors (5120K)
 Metaspace       used 48447K, committed 49728K, reserved 1114112K
  class space    used 6003K, committed 6592K, reserved 1048576K
}
Event: 47.184 GC heap after
{Heap after GC invocations=49 (full 0):
 garbage-first heap   total 256000K, used 136310K [0x00000000c2c00000, 0x0000000100000000)
  region size 1024K, 7 young (7168K), 7 survivors (7168K)
 Metaspace       used 48447K, committed 49728K, reserved 1114112K
  class space    used 6003K, committed 6592K, reserved 1048576K
}
Event: 47.367 GC heap before
{Heap before GC invocations=49 (full 0):
 garbage-first heap   total 256000K, used 141430K [0x00000000c2c00000, 0x0000000100000000)
  region size 1024K, 12 young (12288K), 7 survivors (7168K)
 Metaspace       used 48682K, committed 49920K, reserved 1114112K
  class space    used 6040K, committed 6592K, reserved 1048576K
}
Event: 47.386 GC heap after
{Heap after GC invocations=50 (full 0):
 garbage-first heap   total 256000K, used 135920K [0x00000000c2c00000, 0x0000000100000000)
  region size 1024K, 2 young (2048K), 2 survivors (2048K)
 Metaspace       used 48682K, committed 49920K, reserved 1114112K
  class space    used 6040K, committed 6592K, reserved 1048576K
}
Event: 48.509 GC heap before
{Heap before GC invocations=50 (full 0):
 garbage-first heap   total 256000K, used 217840K [0x00000000c2c00000, 0x0000000100000000)
  region size 1024K, 82 young (83968K), 2 survivors (2048K)
 Metaspace       used 49665K, committed 51008K, reserved 1114112K
  class space    used 6201K, committed 6784K, reserved 1048576K
}
Event: 48.533 GC heap after
{Heap after GC invocations=51 (full 0):
 garbage-first heap   total 256000K, used 143566K [0x00000000c2c00000, 0x0000000100000000)
  region size 1024K, 9 young (9216K), 9 survivors (9216K)
 Metaspace       used 49665K, committed 51008K, reserved 1114112K
  class space    used 6201K, committed 6784K, reserved 1048576K
}
Event: 49.268 GC heap before
{Heap before GC invocations=51 (full 0):
 garbage-first heap   total 256000K, used 215246K [0x00000000c2c00000, 0x0000000100000000)
  region size 1024K, 79 young (80896K), 9 survivors (9216K)
 Metaspace       used 50661K, committed 52032K, reserved 1114112K
  class space    used 6374K, committed 6976K, reserved 1048576K
}
Event: 49.305 GC heap after
{Heap after GC invocations=52 (full 0):
 garbage-first heap   total 256000K, used 152197K [0x00000000c2c00000, 0x0000000100000000)
  region size 1024K, 9 young (9216K), 9 survivors (9216K)
 Metaspace       used 50661K, committed 52032K, reserved 1114112K
  class space    used 6374K, committed 6976K, reserved 1048576K
}

