# JRE version: OpenJDK Runtime Environment Temurin-17.0.14+7 (17.0.14+7) (build 17.0.14+7)
# Java VM: OpenJDK 64-Bit Server VM Temurin-17.0.14+7 (17.0.14+7, mixed mode, sharing, tiered, compressed oops, compressed class ptrs, g1 gc, windows-amd64)
GC Precious Log:
 CPUs: 2 total, 2 available
 Memory: 3914M
 Large Page Support: Disabled
 NUMA Support: Disabled
 Compressed Oops: Enabled (32-bit)
 Heap Region Size: 1M
 Heap Min Capacity: 8M
 Heap Initial Capacity: 62M
 Heap Max Capacity: 980M
 Pre-touch: Disabled
 Parallel Workers: 2
 Concurrent Workers: 1
 Concurrent Refinement Workers: 2
 Periodic GC: Disabled
Heap:
 garbage-first heap   total 501760K, used 413735K [0x00000000c2c00000, 0x0000000100000000)
  region size 1024K, 49 young (50176K), 8 survivors (8192K)
 Metaspace       used 110304K, committed 111936K, reserved 1179648K
  class space    used 16161K, committed 16896K, reserved 1048576K
GC Heap History (20 events):
Event: 85.281 GC heap before
{Heap before GC invocations=68 (full 0):
 garbage-first heap   total 501760K, used 423460K [0x00000000c2c00000, 0x0000000100000000)
  region size 1024K, 98 young (100352K), 13 survivors (13312K)
 Metaspace       used 104064K, committed 105664K, reserved 1179648K
  class space    used 15100K, committed 15808K, reserved 1048576K
}
Event: 85.350 GC heap after
{Heap after GC invocations=69 (full 0):
 garbage-first heap   total 501760K, used 343010K [0x00000000c2c00000, 0x0000000100000000)
  region size 1024K, 7 young (7168K), 7 survivors (7168K)
 Metaspace       used 104064K, committed 105664K, reserved 1179648K
  class space    used 15100K, committed 15808K, reserved 1048576K
}
Event: 86.549 GC heap before
{Heap before GC invocations=69 (full 0):
 garbage-first heap   total 501760K, used 424930K [0x00000000c2c00000, 0x0000000100000000)
  region size 1024K, 87 young (89088K), 7 survivors (7168K)
 Metaspace       used 104467K, committed 106112K, reserved 1179648K
  class space    used 15155K, committed 15872K, reserved 1048576K
}
Event: 86.602 GC heap after
{Heap after GC invocations=70 (full 0):
 garbage-first heap   total 501760K, used 351232K [0x00000000c2c00000, 0x0000000100000000)
  region size 1024K, 8 young (8192K), 8 survivors (8192K)
 Metaspace       used 104467K, committed 106112K, reserved 1179648K
  class space    used 15155K, committed 15872K, reserved 1048576K
}
Event: 86.905 GC heap before
{Heap before GC invocations=70 (full 0):
 garbage-first heap   total 501760K, used 428032K [0x00000000c2c00000, 0x0000000100000000)
  region size 1024K, 83 young (84992K), 8 survivors (8192K)
 Metaspace       used 104469K, committed 106112K, reserved 1179648K
  class space    used 15155K, committed 15872K, reserved 1048576K
}
Event: 86.939 GC heap after
{Heap after GC invocations=71 (full 0):
 garbage-first heap   total 501760K, used 355328K [0x00000000c2c00000, 0x0000000100000000)
  region size 1024K, 4 young (4096K), 4 survivors (4096K)
 Metaspace       used 104469K, committed 106112K, reserved 1179648K
  class space    used 15155K, committed 15872K, reserved 1048576K
}
Event: 87.785 GC heap before
{Heap before GC invocations=71 (full 0):
 garbage-first heap   total 501760K, used 431104K [0x00000000c2c00000, 0x0000000100000000)
  region size 1024K, 78 young (79872K), 4 survivors (4096K)
 Metaspace       used 104951K, committed 106624K, reserved 1179648K
  class space    used 15245K, committed 16000K, reserved 1048576K
}
Event: 87.827 GC heap after
{Heap after GC invocations=72 (full 0):
 garbage-first heap   total 501760K, used 358307K [0x00000000c2c00000, 0x0000000100000000)
  region size 1024K, 7 young (7168K), 7 survivors (7168K)
 Metaspace       used 104951K, committed 106624K, reserved 1179648K
  class space    used 15245K, committed 16000K, reserved 1048576K
}
Event: 88.444 GC heap before
{Heap before GC invocations=72 (full 0):
 garbage-first heap   total 501760K, used 434083K [0x00000000c2c00000, 0x0000000100000000)
  region size 1024K, 81 young (82944K), 7 survivors (7168K)
 Metaspace       used 105336K, committed 107008K, reserved 1179648K
  class space    used 15302K, committed 16064K, reserved 1048576K
}
Event: 88.471 GC heap after
{Heap after GC invocations=73 (full 0):
 garbage-first heap   total 501760K, used 359659K [0x00000000c2c00000, 0x0000000100000000)
  region size 1024K, 5 young (5120K), 5 survivors (5120K)
 Metaspace       used 105336K, committed 107008K, reserved 1179648K
  class space    used 15302K, committed 16064K, reserved 1048576K
}
Event: 89.269 GC heap before
{Heap before GC invocations=73 (full 0):
 garbage-first heap   total 501760K, used 436459K [0x00000000c2c00000, 0x0000000100000000)
  region size 1024K, 80 young (81920K), 5 survivors (5120K)
 Metaspace       used 106600K, committed 108288K, reserved 1179648K
  class space    used 15548K, committed 16256K, reserved 1048576K
}
Event: 89.303 GC heap after
{Heap after GC invocations=74 (full 0):
 garbage-first heap   total 501760K, used 363168K [0x00000000c2c00000, 0x0000000100000000)
  region size 1024K, 8 young (8192K), 8 survivors (8192K)
 Metaspace       used 106600K, committed 108288K, reserved 1179648K
  class space    used 15548K, committed 16256K, reserved 1048576K
}
Event: 90.168 GC heap before
{Heap before GC invocations=74 (full 0):
 garbage-first heap   total 501760K, used 437920K [0x00000000c2c00000, 0x0000000100000000)
  region size 1024K, 81 young (82944K), 8 survivors (8192K)
 Metaspace       used 108915K, committed 110592K, reserved 1179648K
  class space    used 15952K, committed 16704K, reserved 1048576K
}
Event: 90.192 GC heap after
{Heap after GC invocations=75 (full 0):
 garbage-first heap   total 501760K, used 364318K [0x00000000c2c00000, 0x0000000100000000)
  region size 1024K, 6 young (6144K), 6 survivors (6144K)
 Metaspace       used 108915K, committed 110592K, reserved 1179648K
  class space    used 15952K, committed 16704K, reserved 1048576K
}
Event: 91.268 GC heap before
{Heap before GC invocations=75 (full 0):
 garbage-first heap   total 501760K, used 439070K [0x00000000c2c00000, 0x0000000100000000)
  region size 1024K, 79 young (80896K), 6 survivors (6144K)
 Metaspace       used 109582K, committed 111296K, reserved 1179648K
  class space    used 16060K, committed 16832K, reserved 1048576K
}
Event: 91.293 GC heap after
{Heap after GC invocations=76 (full 0):
 garbage-first heap   total 501760K, used 369601K [0x00000000c2c00000, 0x0000000100000000)
  region size 1024K, 10 young (10240K), 10 survivors (10240K)
 Metaspace       used 109582K, committed 111296K, reserved 1179648K
  class space    used 16060K, committed 16832K, reserved 1048576K
}
Event: 91.689 GC heap before
{Heap before GC invocations=76 (full 0):
 garbage-first heap   total 501760K, used 440257K [0x00000000c2c00000, 0x0000000100000000)
  region size 1024K, 79 young (80896K), 10 survivors (10240K)
 Metaspace       used 109676K, committed 111360K, reserved 1179648K
  class space    used 16071K, committed 16832K, reserved 1048576K
}
Event: 91.709 GC heap after
{Heap after GC invocations=77 (full 0):
 garbage-first heap   total 501760K, used 367388K [0x00000000c2c00000, 0x0000000100000000)
  region size 1024K, 3 young (3072K), 3 survivors (3072K)
 Metaspace       used 109676K, committed 111360K, reserved 1179648K
  class space    used 16071K, committed 16832K, reserved 1048576K
}
Event: 91.859 GC heap before
{Heap before GC invocations=77 (full 0):
 garbage-first heap   total 501760K, used 439068K [0x00000000c2c00000, 0x0000000100000000)
  region size 1024K, 73 young (74752K), 3 survivors (3072K)
 Metaspace       used 109709K, committed 111360K, reserved 1179648K
  class space    used 16077K, committed 16832K, reserved 1048576K
}
Event: 91.875 GC heap after
{Heap after GC invocations=78 (full 0):
 garbage-first heap   total 501760K, used 372775K [0x00000000c2c00000, 0x0000000100000000)
  region size 1024K, 8 young (8192K), 8 survivors (8192K)
 Metaspace       used 109709K, committed 111360K, reserved 1179648K
  class space    used 16077K, committed 16832K, reserved 1048576K
}

